
Showing logs for build [32mcb-kubecd-environment-pr-1344-4-qfz8c-1[0m stage [32mfrom-build-pack[0m and container [32mstep-credential-initializer-mn878[0m
{"level":"warn","ts":1585673886.658017,"logger":"fallback-logger","caller":"logging/config.go:69","msg":"Fetch GitHub commit ID from kodata failed: \"ref: refs/heads/0.8.0-**-support-backwards-incompats\" is not a valid GitHub commit ID"}
{"level":"info","ts":1585673886.6590068,"logger":"fallback-logger","caller":"creds-init/main.go:40","msg":"Credentials initialized."}

Showing logs for build [32mcb-kubecd-environment-pr-1344-4-qfz8c-1[0m stage [32mfrom-build-pack[0m and container [32mstep-working-dir-initializer-ggvfr[0m
{"level":"warn","ts":1585673888.1067622,"logger":"fallback-logger","caller":"logging/config.go:69","msg":"Fetch GitHub commit ID from kodata failed: open /var/run/ko/HEAD: no such file or directory"}
{"level":"info","ts":1585673888.1087992,"logger":"fallback-logger","caller":"bash/main.go:64","msg":"Successfully executed command \"sh -c mkdir -p /workspace/source\"; output "}

Showing logs for build [32mcb-kubecd-environment-pr-1344-4-qfz8c-1[0m stage [32mfrom-build-pack[0m and container [32mstep-place-tools[0m

Showing logs for build [32mcb-kubecd-environment-pr-1344-4-qfz8c-1[0m stage [32mfrom-build-pack[0m and container [32mstep-git-source-cb-kubecd-environment-pr-1344-4-qfz8c-dfn7x[0m
{"level":"warn","ts":1585673893.2035992,"logger":"fallback-logger","caller":"logging/config.go:69","msg":"Fetch GitHub commit ID from kodata failed: \"ref: refs/heads/0.8.0-**-support-backwards-incompats\" is not a valid GitHub commit ID"}
{"level":"info","ts":1585673894.274327,"logger":"fallback-logger","caller":"git/git.go:103","msg":"Successfully cloned https://github.com/cb-kubecd/environment-pr-1344-4-bdd-frontend-staging.git @ master in path /workspace/source"}

Showing logs for build [32mcb-kubecd-environment-pr-1344-4-qfz8c-1[0m stage [32mfrom-build-pack[0m and container [32mstep-git-merge[0m
Using SHAs from PULL_REFS=master:4bce772350b13deb867aff529e11a06fefdad64c,1:26ebeb6014ebed2be26c0a1ce5fb29f63456c474
DEBUG: JX_LOG_LEVEL=error LC_ALL=C git fetch origin --unshallow 26ebeb6014ebed2be26c0a1ce5fb29f63456c474: 4bce772350b13deb867aff529e11a06fefdad64c:
DEBUG: ran git fetch --unshallow origin 26ebeb6014ebed2be26c0a1ce5fb29f63456c474: 4bce772350b13deb867aff529e11a06fefdad64c: in 
DEBUG: LC_ALL=C JX_LOG_LEVEL=error git branch
DEBUG: LC_ALL=C JX_LOG_LEVEL=error git checkout master
DEBUG: ran git checkout master in 
DEBUG: JX_LOG_LEVEL=error LC_ALL=C git reset --hard 4bce772350b13deb867aff529e11a06fefdad64c
DEBUG: ran git reset --hard 4bce772350b13deb867aff529e11a06fefdad64c in 
DEBUG: LC_ALL=C JX_LOG_LEVEL=error git clean -fd .
DEBUG: ran clean --force -d . in 
DEBUG: LC_ALL=C JX_LOG_LEVEL=error git merge 26ebeb6014ebed2be26c0a1ce5fb29f63456c474
DEBUG: ran git merge 26ebeb6014ebed2be26c0a1ce5fb29f63456c474 in 
DEBUG: JX_LOG_LEVEL=error LC_ALL=C git log --format=%H%x1f%an%x1f%ae%x1f%cn%x1f%ce%x1f%s%n%b%x1e 4bce772350b13deb867aff529e11a06fefdad64c..HEAD
Merged SHA 26ebeb6014ebed2be26c0a1ce5fb29f63456c474 with commit message 'chore: Promote bdd-nh-1585672961 to version 0.0.1' into base branch master

Showing logs for build [32mcb-kubecd-environment-pr-1344-4-qfz8c-1[0m stage [32mfrom-build-pack[0m and container [32mstep-build-helm-build[0m
WARNING: No $CHART_REPOSITORY defined so using the default value of: http://jenkins-x-chartmuseum:8080
Adding missing Helm repo: storage.googleapis.com https://storage.googleapis.com/chartmuseum.jenkins-x.io
WARNING: No secrets found on "helm/repos" due: reading the secret "helm/repos" from vault: no secret "helm/repos" not found in vault
Read credentials for https://storage.googleapis.com/chartmuseum.jenkins-x.io from vault helm/repos
Successfully added Helm repository storage.googleapis.com.
Adding missing Helm repo: jenkins-x-chartmuseum http://jenkins-x-chartmuseum:8080
WARNING: No secrets found on "helm/repos" due: reading the secret "helm/repos" from vault: no secret "helm/repos" not found in vault
Read credentials for http://jenkins-x-chartmuseum:8080 from vault helm/repos
Successfully added Helm repository jenkins-x-chartmuseum.
WARNING: No $CHART_REPOSITORY defined so using the default value of: http://jenkins-x-chartmuseum:8080
Adding missing Helm repo: chartmuseum.jenkins-x.io http://chartmuseum.jenkins-x.io
WARNING: No secrets found on "helm/repos" due: reading the secret "helm/repos" from vault: no secret "helm/repos" not found in vault
Read credentials for http://chartmuseum.jenkins-x.io from vault helm/repos
Successfully added Helm repository chartmuseum.jenkins-x.io.
